Streaming transaction logs mentioning 4nyxJqG4nUetnAev9Zw7gbWkPpJAS1kedGReGpCRBnPG. Confirmed commitment
Transaction executed in slot 7:
  Signature: 3eFvcMNe6ebHmNT6CTN48fESUB8KSzPa5SA1UdULfB7x6MneDzJ2nWwkofZvQNGatT1Nz5keB6UfusSLbQZScCju
  Status: Ok
  Log Messages:
    Program 11111111111111111111111111111111 invoke [1]
    Program 11111111111111111111111111111111 success
    Program TokenkegQfeZyiNwAJbNbGKPFXCWuBvf9Ss623VQ5DA invoke [1]
    Program log: Instruction: InitializeMint
    Program TokenkegQfeZyiNwAJbNbGKPFXCWuBvf9Ss623VQ5DA consumed 2967 of 599850 compute units
    Program TokenkegQfeZyiNwAJbNbGKPFXCWuBvf9Ss623VQ5DA success
    Program 4nyxJqG4nUetnAev9Zw7gbWkPpJAS1kedGReGpCRBnPG invoke [1]
    Program log: Instruction: Initialize
    Program 11111111111111111111111111111111 invoke [2]
    Program 11111111111111111111111111111111 success
    Program ATokenGPvbdGVxr1b2hvZbsiqW5xWH25efTNsLJA8knL invoke [2]
    Program log: Create
    Program TokenkegQfeZyiNwAJbNbGKPFXCWuBvf9Ss623VQ5DA invoke [3]
    Program log: Instruction: GetAccountDataSize
    Program TokenkegQfeZyiNwAJbNbGKPFXCWuBvf9Ss623VQ5DA consumed 1622 of 571309 compute units
    Program return: TokenkegQfeZyiNwAJbNbGKPFXCWuBvf9Ss623VQ5DA pQAAAAAAAAA=
    Program TokenkegQfeZyiNwAJbNbGKPFXCWuBvf9Ss623VQ5DA success
    Program 11111111111111111111111111111111 invoke [3]
    Program 11111111111111111111111111111111 success
    Program log: Initialize the associated token account
    Program TokenkegQfeZyiNwAJbNbGKPFXCWuBvf9Ss623VQ5DA invoke [3]
    Program log: Instruction: InitializeImmutableOwner
    Program log: Please upgrade to SPL Token 2022 for immutable owner support
    Program TokenkegQfeZyiNwAJbNbGKPFXCWuBvf9Ss623VQ5DA consumed 1405 of 564669 compute units
    Program TokenkegQfeZyiNwAJbNbGKPFXCWuBvf9Ss623VQ5DA success
    Program TokenkegQfeZyiNwAJbNbGKPFXCWuBvf9Ss623VQ5DA invoke [3]
    Program log: Instruction: InitializeAccount3
    Program TokenkegQfeZyiNwAJbNbGKPFXCWuBvf9Ss623VQ5DA consumed 4241 of 560785 compute units
    Program TokenkegQfeZyiNwAJbNbGKPFXCWuBvf9Ss623VQ5DA success
    Program ATokenGPvbdGVxr1b2hvZbsiqW5xWH25efTNsLJA8knL consumed 23544 of 579784 compute units
    Program ATokenGPvbdGVxr1b2hvZbsiqW5xWH25efTNsLJA8knL success
    Program 4nyxJqG4nUetnAev9Zw7gbWkPpJAS1kedGReGpCRBnPG consumed 44461 of 596883 compute units
    Program 4nyxJqG4nUetnAev9Zw7gbWkPpJAS1kedGReGpCRBnPG success
